11-Nov-2021 16:45:02.985 警告 [main] org.apache.catalina.startup.ClassLoaderFactory.validateFile Problem with directory [E:\demo\apache-tomcat-8.5.50-src\source\lib], exists: [false], isDirectory: [false], canRead: [false]
11-Nov-2021 16:45:02.991 警告 [main] org.apache.catalina.startup.ClassLoaderFactory.validateFile Problem with directory [E:\demo\apache-tomcat-8.5.50-src\source\lib], exists: [false], isDirectory: [false], canRead: [false]
11-Nov-2021 16:45:02.991 警告 [main] org.apache.catalina.startup.ClassLoaderFactory.validateFile Problem with directory [E:\demo\apache-tomcat-8.5.50-src\source\lib], exists: [false], isDirectory: [false], canRead: [false]
11-Nov-2021 16:45:02.991 警告 [main] org.apache.catalina.startup.ClassLoaderFactory.validateFile Problem with directory [E:\demo\apache-tomcat-8.5.50-src\source\lib], exists: [false], isDirectory: [false], canRead: [false]
11-Nov-2021 16:45:05.273 信息 [main] org.apache.catalina.startup.VersionLoggerListener.log Server.æå¡å¨çæ¬:     Apache Tomcat/@VERSION@
11-Nov-2021 16:45:05.274 信息 [main] org.apache.catalina.startup.VersionLoggerListener.log æå¡å¨æå»º:            @VERSION_BUILT@
11-Nov-2021 16:45:05.274 信息 [main] org.apache.catalina.startup.VersionLoggerListener.log æå¡å¨çæ¬å·(ï¼@VERSION_NUMBER@
11-Nov-2021 16:45:05.274 信息 [main] org.apache.catalina.startup.VersionLoggerListener.log OS Name:               Windows 10
11-Nov-2021 16:45:05.274 信息 [main] org.apache.catalina.startup.VersionLoggerListener.log OS.çæ¬:               10.0
11-Nov-2021 16:45:05.274 信息 [main] org.apache.catalina.startup.VersionLoggerListener.log æ¶æ:                  amd64
11-Nov-2021 16:45:05.274 信息 [main] org.apache.catalina.startup.VersionLoggerListener.log Java ç¯å¢åé:         D:\Java\jdk1.8.0_73\jre
11-Nov-2021 16:45:05.274 信息 [main] org.apache.catalina.startup.VersionLoggerListener.log JVM çæ¬:              1.8.0_73-b02
11-Nov-2021 16:45:05.275 信息 [main] org.apache.catalina.startup.VersionLoggerListener.log JVM.ä¾åºå:            Oracle Corporation
11-Nov-2021 16:45:05.275 信息 [main] org.apache.catalina.startup.VersionLoggerListener.log CATALINA_BASE:         E:\demo\apache-tomcat-8.5.50-src\source
11-Nov-2021 16:45:05.275 信息 [main] org.apache.catalina.startup.VersionLoggerListener.log CATALINA_HOME:         E:\demo\apache-tomcat-8.5.50-src\source
11-Nov-2021 16:45:05.275 信息 [main] org.apache.catalina.startup.VersionLoggerListener.log Command line argument: -agentlib:jdwp=transport=dt_socket,address=127.0.0.1:49950,suspend=y,server=n
11-Nov-2021 16:45:05.275 信息 [main] org.apache.catalina.startup.VersionLoggerListener.log Command line argument: -Dcatalina.home=E:\demo\apache-tomcat-8.5.50-src\source
11-Nov-2021 16:45:05.275 信息 [main] org.apache.catalina.startup.VersionLoggerListener.log Command line argument: -Dcatalina.base=E:\demo\apache-tomcat-8.5.50-src\source
11-Nov-2021 16:45:05.275 信息 [main] org.apache.catalina.startup.VersionLoggerListener.log Command line argument: -Djava.util.logging.manager=org.apache.juli.ClassLoaderLogManager
11-Nov-2021 16:45:05.276 信息 [main] org.apache.catalina.startup.VersionLoggerListener.log Command line argument: -Djava.util.logging.config.file=E:\demo\apache-tomcat-8.5.50-src\source\conf\logging.properties
11-Nov-2021 16:45:05.276 信息 [main] org.apache.catalina.startup.VersionLoggerListener.log Command line argument: -javaagent:C:\Users\ol\AppData\Local\JetBrains\IntelliJIdea2020.1\captureAgent\debugger-agent.jar
11-Nov-2021 16:45:05.276 信息 [main] org.apache.catalina.startup.VersionLoggerListener.log Command line argument: -Dfile.encoding=UTF-8
11-Nov-2021 16:45:05.276 信息 [main] org.apache.catalina.core.AprLifecycleListener.lifecycleEvent Loaded APR based Apache Tomcat Native library [1.2.26] using APR version [1.7.0].
11-Nov-2021 16:45:05.276 信息 [main] org.apache.catalina.core.AprLifecycleListener.lifecycleEvent APR capabilities: IPv6 [true], sendfile [true], accept filters [false], random [true].
11-Nov-2021 16:45:05.276 信息 [main] org.apache.catalina.core.AprLifecycleListener.lifecycleEvent APR/OpenSSLéç½®ï¼useAprConnector[false]ï¼useOpenSSL[true]
11-Nov-2021 16:45:05.281 信息 [main] org.apache.catalina.core.AprLifecycleListener.initializeSSL OpenSSL successfully initialized [OpenSSL 1.1.1i  8 Dec 2020]
11-Nov-2021 16:45:05.392 信息 [main] org.apache.coyote.AbstractProtocol.init åå§ååè®®å¤çå¨ ["http-nio-8080"]
11-Nov-2021 16:45:05.476 信息 [main] org.apache.tomcat.util.net.NioSelectorPool.getSharedSelector Using a shared selector for servlet write/read
11-Nov-2021 16:45:05.486 信息 [main] org.apache.coyote.AbstractProtocol.init åå§ååè®®å¤çå¨ ["ajp-nio-8009"]
11-Nov-2021 16:45:05.488 信息 [main] org.apache.tomcat.util.net.NioSelectorPool.getSharedSelector Using a shared selector for servlet write/read
11-Nov-2021 16:45:05.489 信息 [main] org.apache.catalina.startup.Catalina.load Initialization processed in 678 ms
11-Nov-2021 16:45:05.519 信息 [main] org.apache.catalina.core.StandardService.startInternal Starting service [Catalina]
11-Nov-2021 16:45:05.519 信息 [main] org.apache.catalina.core.StandardEngine.startInternal Starting Servlet Engine: Apache Tomcat/@VERSION@
11-Nov-2021 16:45:05.571 信息 [localhost-startStop-1] org.apache.catalina.startup.HostConfig.deployDirectory æweb åºç¨ç¨åºé¨ç½²å°ç®å½ [E:\demo\apache-tomcat-8.5.50-src\source\webapps\docs]
11-Nov-2021 16:45:05.981 信息 [localhost-startStop-1] org.apache.jasper.servlet.TldScanner.scanJars è³å°æä¸ä¸ªJARè¢«æ«æç¨äºTLDä½å°æªåå«TLDã ä¸ºæ­¤è®°å½å¨å¯ç¨è°è¯æ¥å¿è®°å½ï¼ä»¥è·åå·²æ«æä½æªå¨å¶ä¸­æ¾å°TLDçå®æ´JARåè¡¨ã å¨æ«ææé´è·³è¿ä¸éè¦çJARå¯ä»¥ç¼©ç­å¯å¨æ¶é´åJSPç¼è¯æ¶é´ã
11-Nov-2021 16:45:06.163 警告 [localhost-startStop-1] org.apache.catalina.util.SessionIdGeneratorBase.createSecureRandom Creation of SecureRandom instance for session ID generation using [SHA1PRNG] took [177] milliseconds.
11-Nov-2021 16:45:06.185 信息 [localhost-startStop-1] org.apache.catalina.startup.HostConfig.deployDirectory Deployment of web application directory [E:\demo\apache-tomcat-8.5.50-src\source\webapps\docs] has finished in [614] ms
11-Nov-2021 16:45:06.185 信息 [localhost-startStop-1] org.apache.catalina.startup.HostConfig.deployDirectory æweb åºç¨ç¨åºé¨ç½²å°ç®å½ [E:\demo\apache-tomcat-8.5.50-src\source\webapps\examples]
11-Nov-2021 16:45:06.393 信息 [localhost-startStop-1] org.apache.jasper.servlet.TldScanner.scanJars è³å°æä¸ä¸ªJARè¢«æ«æç¨äºTLDä½å°æªåå«TLDã ä¸ºæ­¤è®°å½å¨å¯ç¨è°è¯æ¥å¿è®°å½ï¼ä»¥è·åå·²æ«æä½æªå¨å¶ä¸­æ¾å°TLDçå®æ´JARåè¡¨ã å¨æ«ææé´è·³è¿ä¸éè¦çJARå¯ä»¥ç¼©ç­å¯å¨æ¶é´åJSPç¼è¯æ¶é´ã
11-Nov-2021 16:45:06.414 严重 [localhost-startStop-1] org.apache.catalina.core.StandardContext.startInternal One or more listeners failed to start. Full details will be found in the appropriate container log file
11-Nov-2021 16:45:06.417 严重 [localhost-startStop-1] org.apache.catalina.core.StandardContext.startInternal Context [/examples] startup failed due to previous errors
11-Nov-2021 16:45:06.426 信息 [localhost-startStop-1] org.apache.catalina.startup.HostConfig.deployDirectory Deployment of web application directory [E:\demo\apache-tomcat-8.5.50-src\source\webapps\examples] has finished in [240] ms
11-Nov-2021 16:45:06.426 信息 [localhost-startStop-1] org.apache.catalina.startup.HostConfig.deployDirectory æweb åºç¨ç¨åºé¨ç½²å°ç®å½ [E:\demo\apache-tomcat-8.5.50-src\source\webapps\host-manager]
11-Nov-2021 16:45:06.512 信息 [localhost-startStop-1] org.apache.jasper.servlet.TldScanner.scanJars è³å°æä¸ä¸ªJARè¢«æ«æç¨äºTLDä½å°æªåå«TLDã ä¸ºæ­¤è®°å½å¨å¯ç¨è°è¯æ¥å¿è®°å½ï¼ä»¥è·åå·²æ«æä½æªå¨å¶ä¸­æ¾å°TLDçå®æ´JARåè¡¨ã å¨æ«ææé´è·³è¿ä¸éè¦çJARå¯ä»¥ç¼©ç­å¯å¨æ¶é´åJSPç¼è¯æ¶é´ã
11-Nov-2021 16:45:06.520 信息 [localhost-startStop-1] org.apache.catalina.startup.HostConfig.deployDirectory Deployment of web application directory [E:\demo\apache-tomcat-8.5.50-src\source\webapps\host-manager] has finished in [94] ms
11-Nov-2021 16:45:06.520 信息 [localhost-startStop-1] org.apache.catalina.startup.HostConfig.deployDirectory æweb åºç¨ç¨åºé¨ç½²å°ç®å½ [E:\demo\apache-tomcat-8.5.50-src\source\webapps\manager]
11-Nov-2021 16:45:06.648 信息 [localhost-startStop-1] org.apache.jasper.servlet.TldScanner.scanJars è³å°æä¸ä¸ªJARè¢«æ«æç¨äºTLDä½å°æªåå«TLDã ä¸ºæ­¤è®°å½å¨å¯ç¨è°è¯æ¥å¿è®°å½ï¼ä»¥è·åå·²æ«æä½æªå¨å¶ä¸­æ¾å°TLDçå®æ´JARåè¡¨ã å¨æ«ææé´è·³è¿ä¸éè¦çJARå¯ä»¥ç¼©ç­å¯å¨æ¶é´åJSPç¼è¯æ¶é´ã
11-Nov-2021 16:45:06.650 信息 [localhost-startStop-1] org.apache.catalina.startup.HostConfig.deployDirectory Deployment of web application directory [E:\demo\apache-tomcat-8.5.50-src\source\webapps\manager] has finished in [130] ms
11-Nov-2021 16:45:06.650 信息 [localhost-startStop-1] org.apache.catalina.startup.HostConfig.deployDirectory æweb åºç¨ç¨åºé¨ç½²å°ç®å½ [E:\demo\apache-tomcat-8.5.50-src\source\webapps\ROOT]
11-Nov-2021 16:45:06.747 信息 [localhost-startStop-1] org.apache.jasper.servlet.TldScanner.scanJars è³å°æä¸ä¸ªJARè¢«æ«æç¨äºTLDä½å°æªåå«TLDã ä¸ºæ­¤è®°å½å¨å¯ç¨è°è¯æ¥å¿è®°å½ï¼ä»¥è·åå·²æ«æä½æªå¨å¶ä¸­æ¾å°TLDçå®æ´JARåè¡¨ã å¨æ«ææé´è·³è¿ä¸éè¦çJARå¯ä»¥ç¼©ç­å¯å¨æ¶é´åJSPç¼è¯æ¶é´ã
11-Nov-2021 16:45:06.749 信息 [localhost-startStop-1] org.apache.catalina.startup.HostConfig.deployDirectory Deployment of web application directory [E:\demo\apache-tomcat-8.5.50-src\source\webapps\ROOT] has finished in [98] ms
11-Nov-2021 16:45:06.753 信息 [main] org.apache.coyote.AbstractProtocol.start å¼å§åè®®å¤çå¥æ["http-nio-8080"]
11-Nov-2021 16:45:06.769 信息 [main] org.apache.coyote.AbstractProtocol.start å¼å§åè®®å¤çå¥æ["ajp-nio-8009"]
11-Nov-2021 16:45:06.772 信息 [main] org.apache.catalina.startup.Catalina.start Server startup in 1282 ms
11-Nov-2021 16:45:13.319 信息 [http-nio-8080-exec-1] org.apache.tomcat.util.http.parser.Cookie.logInvalidHeader A cookie header was received [1631933139] that contained an invalid cookie. That cookie will be ignored.
 Note: further occurrences of this error will be logged at DEBUG level.
